# JRE version: OpenJDK Runtime Environment (8.0_412-b08) (build 1.8.0_412-b08)
# Java VM: OpenJDK 64-Bit Server VM (25.412-b08 mixed mode windows-amd64 compressed oops)
Heap:
 PSYoungGen      total 140800K, used 81140K [0x000000076ba00000, 0x000000077cd00000, 0x00000007c0000000)
  eden space 130048K, 62% used [0x000000076ba00000,0x000000077093d108,0x0000000773900000)
  from space 10752K, 0% used [0x0000000773900000,0x0000000773900000,0x0000000774380000)
  to   space 10752K, 0% used [0x000000077c280000,0x000000077c280000,0x000000077cd00000)
 ParOldGen       total 137216K, used 18464K [0x00000006c2e00000, 0x00000006cb400000, 0x000000076ba00000)
  object space 137216K, 13% used [0x00000006c2e00000,0x00000006c40082f8,0x00000006cb400000)
 Metaspace       used 22414K, capacity 22726K, committed 22912K, reserved 1069056K
  class space    used 2768K, capacity 2873K, committed 2944K, reserved 1048576K
GC Heap History (8 events):
Event: 0.331 GC heap before
{Heap before GC invocations=1 (full 0):
 PSYoungGen      total 75776K, used 64527K [0x000000076ba00000, 0x0000000770e80000, 0x00000007c0000000)
  eden space 65024K, 99% used [0x000000076ba00000,0x000000076f903d60,0x000000076f980000)
  from space 10752K, 0% used [0x0000000770400000,0x0000000770400000,0x0000000770e80000)
  to   space 10752K, 0% used [0x000000076f980000,0x000000076f980000,0x0000000770400000)
 ParOldGen       total 173568K, used 0K [0x00000006c2e00000, 0x00000006cd780000, 0x000000076ba00000)
  object space 173568K, 0% used [0x00000006c2e00000,0x00000006c2e00000,0x00000006cd780000)
 Metaspace       used 10039K, capacity 10268K, committed 10624K, reserved 1058816K
  class space    used 1192K, capacity 1288K, committed 1408K, reserved 1048576K
Event: 0.335 GC heap after
Heap after GC invocations=1 (full 0):
 PSYoungGen      total 75776K, used 10751K [0x000000076ba00000, 0x0000000774e00000, 0x00000007c0000000)
  eden space 65024K, 0% used [0x000000076ba00000,0x000000076ba00000,0x000000076f980000)
  from space 10752K, 99% used [0x000000076f980000,0x00000007703ffc08,0x0000000770400000)
  to   space 10752K, 0% used [0x0000000774380000,0x0000000774380000,0x0000000774e00000)
 ParOldGen       total 173568K, used 2071K [0x00000006c2e00000, 0x00000006cd780000, 0x000000076ba00000)
  object space 173568K, 1% used [0x00000006c2e00000,0x00000006c3005c00,0x00000006cd780000)
 Metaspace       used 10039K, capacity 10268K, committed 10624K, reserved 1058816K
  class space    used 1192K, capacity 1288K, committed 1408K, reserved 1048576K
}
Event: 0.607 GC heap before
{Heap before GC invocations=2 (full 0):
 PSYoungGen      total 75776K, used 75775K [0x000000076ba00000, 0x0000000774e00000, 0x00000007c0000000)
  eden space 65024K, 100% used [0x000000076ba00000,0x000000076f980000,0x000000076f980000)
  from space 10752K, 99% used [0x000000076f980000,0x00000007703ffc08,0x0000000770400000)
  to   space 10752K, 0% used [0x0000000774380000,0x0000000774380000,0x0000000774e00000)
 ParOldGen       total 173568K, used 2071K [0x00000006c2e00000, 0x00000006cd780000, 0x000000076ba00000)
  object space 173568K, 1% used [0x00000006c2e00000,0x00000006c3005c00,0x00000006cd780000)
 Metaspace       used 16299K, capacity 16510K, committed 16768K, reserved 1064960K
  class space    used 2026K, capacity 2099K, committed 2176K, reserved 1048576K
Event: 0.613 GC heap after
Heap after GC invocations=2 (full 0):
 PSYoungGen      total 140800K, used 10739K [0x000000076ba00000, 0x0000000774e00000, 0x00000007c0000000)
  eden space 130048K, 0% used [0x000000076ba00000,0x000000076ba00000,0x0000000773900000)
  from space 10752K, 99% used [0x0000000774380000,0x0000000774dfcfb8,0x0000000774e00000)
  to   space 10752K, 0% used [0x0000000773900000,0x0000000773900000,0x0000000774380000)
 ParOldGen       total 173568K, used 9013K [0x00000006c2e00000, 0x00000006cd780000, 0x000000076ba00000)
  object space 173568K, 5% used [0x00000006c2e00000,0x00000006c36cd420,0x00000006cd780000)
 Metaspace       used 16299K, capacity 16510K, committed 16768K, reserved 1064960K
  class space    used 2026K, capacity 2099K, committed 2176K, reserved 1048576K
}
Event: 0.937 GC heap before
{Heap before GC invocations=3 (full 0):
 PSYoungGen      total 140800K, used 62057K [0x000000076ba00000, 0x0000000774e00000, 0x00000007c0000000)
  eden space 130048K, 39% used [0x000000076ba00000,0x000000076ec1d710,0x0000000773900000)
  from space 10752K, 99% used [0x0000000774380000,0x0000000774dfcfb8,0x0000000774e00000)
  to   space 10752K, 0% used [0x0000000773900000,0x0000000773900000,0x0000000774380000)
 ParOldGen       total 173568K, used 9013K [0x00000006c2e00000, 0x00000006cd780000, 0x000000076ba00000)
  object space 173568K, 5% used [0x00000006c2e00000,0x00000006c36cd420,0x00000006cd780000)
 Metaspace       used 20810K, capacity 21064K, committed 21248K, reserved 1067008K
  class space    used 2627K, capacity 2724K, committed 2816K, reserved 1048576K
Event: 0.943 GC heap after
Heap after GC invocations=3 (full 0):
 PSYoungGen      total 140800K, used 10720K [0x000000076ba00000, 0x000000077cd00000, 0x00000007c0000000)
  eden space 130048K, 0% used [0x000000076ba00000,0x000000076ba00000,0x0000000773900000)
  from space 10752K, 99% used [0x0000000773900000,0x0000000774378120,0x0000000774380000)
  to   space 10752K, 0% used [0x000000077c280000,0x000000077c280000,0x000000077cd00000)
 ParOldGen       total 173568K, used 15959K [0x00000006c2e00000, 0x00000006cd780000, 0x000000076ba00000)
  object space 173568K, 9% used [0x00000006c2e00000,0x00000006c3d95c20,0x00000006cd780000)
 Metaspace       used 20810K, capacity 21064K, committed 21248K, reserved 1067008K
  class space    used 2627K, capacity 2724K, committed 2816K, reserved 1048576K
}
Event: 0.943 GC heap before
{Heap before GC invocations=4 (full 1):
 PSYoungGen      total 140800K, used 10720K [0x000000076ba00000, 0x000000077cd00000, 0x00000007c0000000)
  eden space 130048K, 0% used [0x000000076ba00000,0x000000076ba00000,0x0000000773900000)
  from space 10752K, 99% used [0x0000000773900000,0x0000000774378120,0x0000000774380000)
  to   space 10752K, 0% used [0x000000077c280000,0x000000077c280000,0x000000077cd00000)
 ParOldGen       total 173568K, used 15959K [0x00000006c2e00000, 0x00000006cd780000, 0x000000076ba00000)
  object space 173568K, 9% used [0x00000006c2e00000,0x00000006c3d95c20,0x00000006cd780000)
 Metaspace       used 20810K, capacity 21064K, committed 21248K, reserved 1067008K
  class space    used 2627K, capacity 2724K, committed 2816K, reserved 1048576K
Event: 0.974 GC heap after
Heap after GC invocations=4 (full 1):
 PSYoungGen      total 140800K, used 0K [0x000000076ba00000, 0x000000077cd00000, 0x00000007c0000000)
  eden space 130048K, 0% used [0x000000076ba00000,0x000000076ba00000,0x0000000773900000)
  from space 10752K, 0% used [0x0000000773900000,0x0000000773900000,0x0000000774380000)
  to   space 10752K, 0% used [0x000000077c280000,0x000000077c280000,0x000000077cd00000)
 ParOldGen       total 137216K, used 18464K [0x00000006c2e00000, 0x00000006cb400000, 0x000000076ba00000)
  object space 137216K, 13% used [0x00000006c2e00000,0x00000006c40082f8,0x00000006cb400000)
 Metaspace       used 20810K, capacity 21064K, committed 21248K, reserved 1067008K
  class space    used 2627K, capacity 2724K, committed 2816K, reserved 1048576K
}

